<?xml version="1.0" encoding="UTF-8" ?>
<testsuites name="vitest tests" tests="30" failures="0" errors="0" time="2.4672073">
    <testsuite name="src/hooks/useCommentsData.test.jsx" timestamp="2026-03-27T05:48:18.758Z" hostname="Emil" tests="1" failures="0" errors="0" skipped="0" time="0.0882267">
        <testcase classname="src/hooks/useCommentsData.test.jsx" name="useCommentsData &gt; exposes the shared surface contract and save success state" time="0.0880474">
        </testcase>
    </testsuite>
    <testsuite name="src/hooks/useInboxData.test.jsx" timestamp="2026-03-27T05:48:18.767Z" hostname="Emil" tests="1" failures="0" errors="0" skipped="0" time="0.0112189">
        <testcase classname="src/hooks/useInboxData.test.jsx" name="useInboxData &gt; exposes the shared surface contract and reply success state" time="0.0107023">
        </testcase>
    </testsuite>
    <testsuite name="src/pages/hooks/useAdminTeamSurface.test.jsx" timestamp="2026-03-27T05:48:18.789Z" hostname="Emil" tests="2" failures="0" errors="0" skipped="0" time="0.2095102">
        <testcase classname="src/pages/hooks/useAdminTeamSurface.test.jsx" name="useAdminTeamSurface &gt; exposes the shared surface contract on refresh" time="0.0736765">
        </testcase>
        <testcase classname="src/pages/hooks/useAdminTeamSurface.test.jsx" name="useAdminTeamSurface &gt; uses shared save-state vocabulary for admin team user creation" time="0.1335803">
        </testcase>
    </testsuite>
    <testsuite name="src/pages/hooks/useAdminTenantsSurface.test.jsx" timestamp="2026-03-27T05:48:18.791Z" hostname="Emil" tests="2" failures="0" errors="0" skipped="0" time="0.213702">
        <testcase classname="src/pages/hooks/useAdminTenantsSurface.test.jsx" name="useAdminTenantsSurface &gt; exposes the shared surface contract on refresh" time="0.0746849">
        </testcase>
        <testcase classname="src/pages/hooks/useAdminTenantsSurface.test.jsx" name="useAdminTenantsSurface &gt; uses shared save-state vocabulary for tenant creation" time="0.1386744">
        </testcase>
    </testsuite>
    <testsuite name="src/pages/hooks/useExecutionsSurface.test.jsx" timestamp="2026-03-27T05:48:18.792Z" hostname="Emil" tests="1" failures="0" errors="0" skipped="0" time="0.0783437">
        <testcase classname="src/pages/hooks/useExecutionsSurface.test.jsx" name="useExecutionsSurface &gt; exposes the shared surface contract and retry success state" time="0.0781451">
        </testcase>
    </testsuite>
    <testsuite name="src/pages/hooks/useVoiceSurface.test.jsx" timestamp="2026-03-27T05:48:18.793Z" hostname="Emil" tests="1" failures="0" errors="0" skipped="0" time="0.080021">
        <testcase classname="src/pages/hooks/useVoiceSurface.test.jsx" name="useVoiceSurface &gt; exposes the shared surface contract and join success state" time="0.0798577">
        </testcase>
    </testsuite>
    <testsuite name="src/components/settings/hooks/useChannelsSurface.test.jsx" timestamp="2026-03-27T05:48:18.796Z" hostname="Emil" tests="2" failures="0" errors="0" skipped="0" time="0.3675805">
        <testcase classname="src/components/settings/hooks/useChannelsSurface.test.jsx" name="useChannelsSurface &gt; exposes the shared surface contract on refresh" time="0.1490076">
        </testcase>
        <testcase classname="src/components/settings/hooks/useChannelsSurface.test.jsx" name="useChannelsSurface &gt; uses shared save-state vocabulary for disconnect and blocked repair actions" time="0.213156">
        </testcase>
    </testsuite>
    <testsuite name="src/components/settings/hooks/useSecretsSurface.test.jsx" timestamp="2026-03-27T05:48:18.799Z" hostname="Emil" tests="2" failures="0" errors="0" skipped="0" time="0.1859411">
        <testcase classname="src/components/settings/hooks/useSecretsSurface.test.jsx" name="useSecretsSurface &gt; exposes the shared surface contract while loading provider secrets" time="0.0651389">
        </testcase>
        <testcase classname="src/components/settings/hooks/useSecretsSurface.test.jsx" name="useSecretsSurface &gt; uses the shared save-state vocabulary for secret saves" time="0.1204414">
        </testcase>
    </testsuite>
    <testsuite name="src/components/settings/hooks/useSurfaceActionState.test.jsx" timestamp="2026-03-27T05:48:18.801Z" hostname="Emil" tests="1" failures="0" errors="0" skipped="0" time="0.0054009">
        <testcase classname="src/components/settings/hooks/useSurfaceActionState.test.jsx" name="useSurfaceActionState &gt; tracks one pending action and clears it after completion" time="0.0052026">
        </testcase>
    </testsuite>
    <testsuite name="src/components/settings/hooks/useTeamSurface.test.jsx" timestamp="2026-03-27T05:48:18.802Z" hostname="Emil" tests="2" failures="0" errors="0" skipped="0" time="0.2159043">
        <testcase classname="src/components/settings/hooks/useTeamSurface.test.jsx" name="useTeamSurface &gt; exposes the shared surface contract while loading team data" time="0.0908189">
        </testcase>
        <testcase classname="src/components/settings/hooks/useTeamSurface.test.jsx" name="useTeamSurface &gt; uses shared save-state vocabulary for team user creation" time="0.1248695">
        </testcase>
    </testsuite>
    <testsuite name="src/components/inbox/hooks/useInboxComposerSurface.test.jsx" timestamp="2026-03-27T05:48:18.804Z" hostname="Emil" tests="1" failures="0" errors="0" skipped="0" time="0.0123515">
        <testcase classname="src/components/inbox/hooks/useInboxComposerSurface.test.jsx" name="useInboxComposerSurface &gt; keeps reply draft local and clears it after successful send" time="0.0121981">
        </testcase>
    </testsuite>
    <testsuite name="src/components/inbox/hooks/useInboxThreadListSurface.test.jsx" timestamp="2026-03-27T05:48:18.806Z" hostname="Emil" tests="1" failures="0" errors="0" skipped="0" time="0.0290305">
        <testcase classname="src/components/inbox/hooks/useInboxThreadListSurface.test.jsx" name="useInboxThreadListSurface &gt; derives list stats, filters, and deep-link hydration" time="0.0287678">
        </testcase>
    </testsuite>
    <testsuite name="src/components/inbox/hooks/useRetryQueueSurface.test.jsx" timestamp="2026-03-27T05:48:18.807Z" hostname="Emil" tests="1" failures="0" errors="0" skipped="0" time="0.0827264">
        <testcase classname="src/components/inbox/hooks/useRetryQueueSurface.test.jsx" name="useRetryQueueSurface &gt; exposes shared surface state and retry success feedback" time="0.0822482">
        </testcase>
    </testsuite>
    <testsuite name="src/components/inbox/hooks/useThreadOutboundAttemptsSurface.test.jsx" timestamp="2026-03-27T05:48:18.808Z" hostname="Emil" tests="1" failures="0" errors="0" skipped="0" time="0.0832586">
        <testcase classname="src/components/inbox/hooks/useThreadOutboundAttemptsSurface.test.jsx" name="useThreadOutboundAttemptsSurface &gt; exposes shared surface state and mark-dead success feedback" time="0.0826086">
        </testcase>
    </testsuite>
    <testsuite name="src/pages/Settings/hooks/useBusinessBrain.test.jsx" timestamp="2026-03-27T05:48:18.812Z" hostname="Emil" tests="2" failures="0" errors="0" skipped="0" time="0.1501669">
        <testcase classname="src/pages/Settings/hooks/useBusinessBrain.test.jsx" name="useBusinessBrain &gt; exposes the unified surface contract on refresh" time="0.0748976">
        </testcase>
        <testcase classname="src/pages/Settings/hooks/useBusinessBrain.test.jsx" name="useBusinessBrain &gt; uses the shared save-state vocabulary for business-brain saves" time="0.0748925">
        </testcase>
    </testsuite>
    <testsuite name="src/pages/Settings/hooks/useOperationalSettings.test.jsx" timestamp="2026-03-27T05:48:18.815Z" hostname="Emil" tests="2" failures="0" errors="0" skipped="0" time="0.1466869">
        <testcase classname="src/pages/Settings/hooks/useOperationalSettings.test.jsx" name="useOperationalSettings &gt; exposes the unified surface contract on successful refresh" time="0.0787097">
        </testcase>
        <testcase classname="src/pages/Settings/hooks/useOperationalSettings.test.jsx" name="useOperationalSettings &gt; uses the shared save-state vocabulary for voice saves" time="0.0648258">
        </testcase>
    </testsuite>
    <testsuite name="src/pages/Settings/hooks/useSettingsSurfaceState.test.jsx" timestamp="2026-03-27T05:48:18.817Z" hostname="Emil" tests="1" failures="0" errors="0" skipped="0" time="0.0053908">
        <testcase classname="src/pages/Settings/hooks/useSettingsSurfaceState.test.jsx" name="useSettingsSurfaceState &gt; exposes a stable ready/unavailable/loading contract" time="0.0051901">
        </testcase>
    </testsuite>
    <testsuite name="src/pages/Settings/hooks/useSettingsWorkspace.test.jsx" timestamp="2026-03-27T05:48:18.818Z" hostname="Emil" tests="2" failures="0" errors="0" skipped="0" time="0.2056792">
        <testcase classname="src/pages/Settings/hooks/useSettingsWorkspace.test.jsx" name="useSettingsWorkspace &gt; exposes the unified surface contract on refresh" time="0.0758418">
        </testcase>
        <testcase classname="src/pages/Settings/hooks/useSettingsWorkspace.test.jsx" name="useSettingsWorkspace &gt; uses the shared save-state vocabulary for workspace saves and agent saves" time="0.1292567">
        </testcase>
    </testsuite>
    <testsuite name="src/pages/Settings/hooks/useSourceIntelligence.contract.test.jsx" timestamp="2026-03-27T05:48:18.820Z" hostname="Emil" tests="2" failures="0" errors="0" skipped="0" time="0.150732">
        <testcase classname="src/pages/Settings/hooks/useSourceIntelligence.contract.test.jsx" name="useSourceIntelligence &gt; exposes the unified surface contract on refresh" time="0.0758909">
        </testcase>
        <testcase classname="src/pages/Settings/hooks/useSourceIntelligence.contract.test.jsx" name="useSourceIntelligence &gt; uses the shared save-state vocabulary for source saves" time="0.0746451">
        </testcase>
    </testsuite>
    <testsuite name="src/pages/Settings/hooks/useTrustSurface.test.jsx" timestamp="2026-03-27T05:48:18.821Z" hostname="Emil" tests="2" failures="0" errors="0" skipped="0" time="0.1453352">
        <testcase classname="src/pages/Settings/hooks/useTrustSurface.test.jsx" name="useTrustSurface &gt; loads normalized trust view and exposes ready state" time="0.0744149">
        </testcase>
        <testcase classname="src/pages/Settings/hooks/useTrustSurface.test.jsx" name="useTrustSurface &gt; fails closed with unavailable state when trust loading errors" time="0.0706542">
        </testcase>
    </testsuite>
</testsuites>
