<?xml version="1.0" encoding="UTF-8" ?>
<testsuites name="vitest tests" tests="6" failures="0" errors="0" time="3.463821">
    <testsuite name="src/pages/Truth/TruthViewerPage.smoke.test.jsx" timestamp="2026-03-28T17:26:17.235Z" hostname="Emil" tests="6" failures="0" errors="0" skipped="0" time="3.463821">
        <testcase classname="src/pages/Truth/TruthViewerPage.smoke.test.jsx" name="Truth viewer smoke &gt; renders approved truth metadata, provenance, and history" time="1.3323539">
        </testcase>
        <testcase classname="src/pages/Truth/TruthViewerPage.smoke.test.jsx" name="Truth viewer smoke &gt; shows an explicit approved truth unavailable state without fallback data" time="0.3025054">
        </testcase>
        <testcase classname="src/pages/Truth/TruthViewerPage.smoke.test.jsx" name="Truth viewer smoke &gt; renders safely when governance and runtime telemetry are partial" time="0.1143625">
        </testcase>
        <testcase classname="src/pages/Truth/TruthViewerPage.smoke.test.jsx" name="Truth viewer smoke &gt; opens a deep-linked truth version from remediation navigation" time="0.3282976">
        </testcase>
        <testcase classname="src/pages/Truth/TruthViewerPage.smoke.test.jsx" name="Truth viewer smoke &gt; shows a publish receipt after approving a reviewed candidate" time="0.5359089">
        </testcase>
        <testcase classname="src/pages/Truth/TruthViewerPage.smoke.test.jsx" name="Truth viewer smoke &gt; executes governed rollback from truth compare and shows the receipt" time="0.8458134">
        </testcase>
    </testsuite>
</testsuites>
