<?xml version="1.0" encoding="UTF-8" ?>
<testsuites name="vitest tests" tests="4" failures="0" errors="0" time="0.8116013">
    <testsuite name="src/pages/Settings/SettingsController.smoke.test.jsx" timestamp="2026-03-28T17:39:13.556Z" hostname="Emil" tests="4" failures="0" errors="0" skipped="0" time="0.8116013">
        <testcase classname="src/pages/Settings/SettingsController.smoke.test.jsx" name="Settings truth-maintenance smoke &gt; renders workspace and business-brain sections through the shared async surface language" time="0.3196347">
        </testcase>
        <testcase classname="src/pages/Settings/SettingsController.smoke.test.jsx" name="Settings truth-maintenance smoke &gt; renders source sync and knowledge review truth-maintenance messaging" time="0.2835656">
        </testcase>
        <testcase classname="src/pages/Settings/SettingsController.smoke.test.jsx" name="Settings truth-maintenance smoke &gt; renders operational readiness fail states honestly" time="0.1839565">
        </testcase>
        <testcase classname="src/pages/Settings/SettingsController.smoke.test.jsx" name="Settings truth-maintenance smoke &gt; opens the truth-governance section from deep-link state" time="0.0204149">
        </testcase>
    </testsuite>
</testsuites>
