<?xml version="1.0" encoding="UTF-8" ?>
<testsuites name="vitest tests" tests="4" failures="0" errors="0" time="0.4335688">
    <testsuite name="src/pages/Settings/SettingsController.smoke.test.jsx" timestamp="2026-03-28T19:08:30.681Z" hostname="Emil" tests="4" failures="0" errors="0" skipped="0" time="0.4335688">
        <testcase classname="src/pages/Settings/SettingsController.smoke.test.jsx" name="Settings truth-maintenance smoke &gt; renders workspace and business-brain sections through the shared async surface language" time="0.2030939">
        </testcase>
        <testcase classname="src/pages/Settings/SettingsController.smoke.test.jsx" name="Settings truth-maintenance smoke &gt; renders source sync and knowledge review truth-maintenance messaging" time="0.1257181">
        </testcase>
        <testcase classname="src/pages/Settings/SettingsController.smoke.test.jsx" name="Settings truth-maintenance smoke &gt; renders operational readiness fail states honestly" time="0.087067">
        </testcase>
        <testcase classname="src/pages/Settings/SettingsController.smoke.test.jsx" name="Settings truth-maintenance smoke &gt; opens the truth-governance section from deep-link state" time="0.0150792">
        </testcase>
    </testsuite>
</testsuites>
