<?xml version="1.0" encoding="UTF-8" ?>
<testsuites name="vitest tests" tests="19" failures="0" errors="0" time="3.8194523">
    <testsuite name="src/pages/AdminTeam.test.jsx" timestamp="2026-03-28T18:01:00.623Z" hostname="Emil" tests="1" failures="0" errors="0" skipped="0" time="0.0737731">
        <testcase classname="src/pages/AdminTeam.test.jsx" name="AdminTeam &gt; renders shared surface banner feedback" time="0.0715395">
        </testcase>
    </testsuite>
    <testsuite name="src/pages/AdminTenants.test.jsx" timestamp="2026-03-28T18:01:00.625Z" hostname="Emil" tests="1" failures="0" errors="0" skipped="0" time="0.0563895">
        <testcase classname="src/pages/AdminTenants.test.jsx" name="AdminTenants &gt; renders shared surface banner feedback" time="0.0541025">
        </testcase>
    </testsuite>
    <testsuite name="src/pages/Comments.test.jsx" timestamp="2026-03-28T18:01:00.626Z" hostname="Emil" tests="1" failures="0" errors="0" skipped="0" time="0.1912869">
        <testcase classname="src/pages/Comments.test.jsx" name="Comments &gt; renders shared surface feedback through the page shell" time="0.1884857">
        </testcase>
    </testsuite>
    <testsuite name="src/pages/Executions.smoke.test.jsx" timestamp="2026-03-28T18:01:00.627Z" hostname="Emil" tests="2" failures="0" errors="0" skipped="0" time="0.4232299">
        <testcase classname="src/pages/Executions.smoke.test.jsx" name="Executions durable surface &gt; renders summary, detail, and manual retry flow" time="0.3954543">
        </testcase>
        <testcase classname="src/pages/Executions.smoke.test.jsx" name="Executions durable surface &gt; shows honest loading and error states" time="0.0253932">
        </testcase>
    </testsuite>
    <testsuite name="src/pages/Inbox.test.jsx" timestamp="2026-03-28T18:01:00.628Z" hostname="Emil" tests="1" failures="0" errors="0" skipped="0" time="0.2492211">
        <testcase classname="src/pages/Inbox.test.jsx" name="Inbox &gt; renders shared page shell feedback" time="0.2470653">
        </testcase>
    </testsuite>
    <testsuite name="src/pages/Voice.test.jsx" timestamp="2026-03-28T18:01:00.629Z" hostname="Emil" tests="1" failures="0" errors="0" skipped="0" time="0.074143">
        <testcase classname="src/pages/Voice.test.jsx" name="Voice &gt; renders shared banner state through the admin shell" time="0.0716866">
        </testcase>
    </testsuite>
    <testsuite name="src/components/admin/AdminPageShell.test.jsx" timestamp="2026-03-28T18:01:00.629Z" hostname="Emil" tests="1" failures="0" errors="0" skipped="0" time="0.2490908">
        <testcase classname="src/components/admin/AdminPageShell.test.jsx" name="AdminPageShell &gt; renders page metadata, shared banners, and header actions" time="0.2463423">
        </testcase>
    </testsuite>
    <testsuite name="src/components/inbox/InboxComposer.test.jsx" timestamp="2026-03-28T18:01:00.630Z" hostname="Emil" tests="1" failures="0" errors="0" skipped="0" time="0.136977">
        <testcase classname="src/components/inbox/InboxComposer.test.jsx" name="InboxComposer &gt; renders explicit composer surface feedback" time="0.1347545">
        </testcase>
    </testsuite>
    <testsuite name="src/components/inbox/InboxDetailPanel.test.jsx" timestamp="2026-03-28T18:01:00.630Z" hostname="Emil" tests="1" failures="0" errors="0" skipped="0" time="0.0571369">
        <testcase classname="src/components/inbox/InboxDetailPanel.test.jsx" name="InboxDetailPanel &gt; renders explicit detail surface feedback" time="0.0549228">
        </testcase>
    </testsuite>
    <testsuite name="src/components/inbox/InboxLeadPanel.test.jsx" timestamp="2026-03-28T18:01:00.630Z" hostname="Emil" tests="1" failures="0" errors="0" skipped="0" time="0.0546001">
        <testcase classname="src/components/inbox/InboxLeadPanel.test.jsx" name="InboxLeadPanel &gt; renders explicit lead surface feedback" time="0.0523751">
        </testcase>
    </testsuite>
    <testsuite name="src/components/inbox/InboxThreadListPanel.test.jsx" timestamp="2026-03-28T18:01:00.631Z" hostname="Emil" tests="1" failures="0" errors="0" skipped="0" time="0.1723898">
        <testcase classname="src/components/inbox/InboxThreadListPanel.test.jsx" name="InboxThreadListPanel &gt; renders explicit thread list surface data" time="0.1694231">
        </testcase>
    </testsuite>
    <testsuite name="src/components/inbox/RetryQueuePanel.test.jsx" timestamp="2026-03-28T18:01:00.631Z" hostname="Emil" tests="1" failures="0" errors="0" skipped="0" time="0.3325549">
        <testcase classname="src/components/inbox/RetryQueuePanel.test.jsx" name="RetryQueuePanel &gt; renders shared banner feedback" time="0.3303408">
        </testcase>
    </testsuite>
    <testsuite name="src/components/inbox/ThreadOutboundAttemptsPanel.test.jsx" timestamp="2026-03-28T18:01:00.632Z" hostname="Emil" tests="1" failures="0" errors="0" skipped="0" time="0.3977219">
        <testcase classname="src/components/inbox/ThreadOutboundAttemptsPanel.test.jsx" name="ThreadOutboundAttemptsPanel &gt; renders shared banner feedback" time="0.3948561">
        </testcase>
    </testsuite>
    <testsuite name="src/components/settings/ChannelsPanel.test.jsx" timestamp="2026-03-28T18:01:00.632Z" hostname="Emil" tests="1" failures="0" errors="0" skipped="0" time="0.0723777">
        <testcase classname="src/components/settings/ChannelsPanel.test.jsx" name="ChannelsPanel &gt; renders shared surface banner feedback for channel async state" time="0.0700334">
        </testcase>
    </testsuite>
    <testsuite name="src/components/settings/SecretsPanel.test.jsx" timestamp="2026-03-28T18:01:00.632Z" hostname="Emil" tests="2" failures="0" errors="0" skipped="0" time="0.2363003">
        <testcase classname="src/components/settings/SecretsPanel.test.jsx" name="SecretsPanel &gt; renders shared surface banner feedback for admin secret async state" time="0.069589">
        </testcase>
        <testcase classname="src/components/settings/SecretsPanel.test.jsx" name="SecretsPanel &gt; renders provider secret access as read-only for insufficient roles" time="0.1641455">
        </testcase>
    </testsuite>
    <testsuite name="src/components/settings/SettingsSurfaceBanner.test.jsx" timestamp="2026-03-28T18:01:00.633Z" hostname="Emil" tests="1" failures="0" errors="0" skipped="0" time="0.1600344">
        <testcase classname="src/components/settings/SettingsSurfaceBanner.test.jsx" name="SettingsSurfaceBanner &gt; renders save feedback and unavailable refresh affordances consistently" time="0.1576574">
        </testcase>
    </testsuite>
    <testsuite name="src/components/settings/TeamPanel.test.jsx" timestamp="2026-03-28T18:01:00.633Z" hostname="Emil" tests="1" failures="0" errors="0" skipped="0" time="0.882225">
        <testcase classname="src/components/settings/TeamPanel.test.jsx" name="TeamPanel &gt; renders shared surface banner feedback for team async state" time="0.8794146">
        </testcase>
    </testsuite>
</testsuites>
