<?xml version="1.0" encoding="UTF-8" ?>
<testsuites name="vitest tests" tests="6" failures="0" errors="0" time="1.6836565">
    <testsuite name="src/pages/Truth/TruthViewerPage.smoke.test.jsx" timestamp="2026-03-28T17:40:50.870Z" hostname="Emil" tests="6" failures="0" errors="0" skipped="0" time="1.6836565">
        <testcase classname="src/pages/Truth/TruthViewerPage.smoke.test.jsx" name="Truth viewer smoke &gt; renders approved truth metadata, provenance, and history" time="0.6964356">
        </testcase>
        <testcase classname="src/pages/Truth/TruthViewerPage.smoke.test.jsx" name="Truth viewer smoke &gt; shows an explicit approved truth unavailable state without fallback data" time="0.1605576">
        </testcase>
        <testcase classname="src/pages/Truth/TruthViewerPage.smoke.test.jsx" name="Truth viewer smoke &gt; renders safely when governance and runtime telemetry are partial" time="0.0657419">
        </testcase>
        <testcase classname="src/pages/Truth/TruthViewerPage.smoke.test.jsx" name="Truth viewer smoke &gt; opens a deep-linked truth version from remediation navigation" time="0.137437">
        </testcase>
        <testcase classname="src/pages/Truth/TruthViewerPage.smoke.test.jsx" name="Truth viewer smoke &gt; shows a publish receipt after approving a reviewed candidate" time="0.2324801">
        </testcase>
        <testcase classname="src/pages/Truth/TruthViewerPage.smoke.test.jsx" name="Truth viewer smoke &gt; executes governed rollback from truth compare and shows the receipt" time="0.3884967">
        </testcase>
    </testsuite>
</testsuites>
