<?xml version="1.0" encoding="UTF-8" ?>
<testsuites name="vitest tests" tests="24" failures="0" errors="0" time="0.0616136">
    <testsuite name="src/api/trust.test.js" timestamp="2026-03-28T16:13:27.766Z" hostname="Emil" tests="3" failures="0" errors="0" skipped="0" time="0.0134868">
        <testcase classname="src/api/trust.test.js" name="trust api normalization &gt; normalizeTrustViewResponse produces a stable trust view-model" time="0.0094713">
        </testcase>
        <testcase classname="src/api/trust.test.js" name="trust api normalization &gt; normalizeTrustViewResponse keeps unknown policy posture stable when payloads are sparse" time="0.0017081">
        </testcase>
        <testcase classname="src/api/trust.test.js" name="trust api normalization &gt; normalizeTrustViewResponse keeps sparse event drilldown payloads safe" time="0.001831">
        </testcase>
    </testsuite>
    <testsuite name="src/api/truth.test.js" timestamp="2026-03-28T16:13:27.768Z" hostname="Emil" tests="6" failures="0" errors="0" skipped="0" time="0.0328007">
        <testcase classname="src/api/truth.test.js" name="truth api normalization &gt; normalizeTruthResponse maps approved truth metadata, provenance, and history" time="0.0122984">
        </testcase>
        <testcase classname="src/api/truth.test.js" name="truth api normalization &gt; normalizeCompareResponse maps backend truth version compare detail" time="0.0066713">
        </testcase>
        <testcase classname="src/api/truth.test.js" name="truth api normalization &gt; approved truth unavailable snapshot refuses non-approved fallback data" time="0.0010337">
        </testcase>
        <testcase classname="src/api/truth.test.js" name="truth api normalization &gt; normalizeTruthReviewWorkbench preserves policy, conflict, and impact detail safely" time="0.0028785">
        </testcase>
        <testcase classname="src/api/truth.test.js" name="truth api normalization &gt; normalizePublishReceipt preserves verified publish outcome and sparse comparison detail safely" time="0.0023941">
        </testcase>
        <testcase classname="src/api/truth.test.js" name="truth api normalization &gt; normalizeRollbackReceipt preserves verified rollback outcome safely" time="0.0008811">
        </testcase>
    </testsuite>
    <testsuite name="src/lib/appEntry.test.js" timestamp="2026-03-28T16:13:27.770Z" hostname="Emil" tests="6" failures="0" errors="0" skipped="0" time="0.0033776">
        <testcase classname="src/lib/appEntry.test.js" name="resolveAuthenticatedLanding &gt; routes incomplete workspaces into setup studio" time="0.0005574">
        </testcase>
        <testcase classname="src/lib/appEntry.test.js" name="resolveAuthenticatedLanding &gt; routes completed workspaces into backend-provided core route" time="0.0002856">
        </testcase>
        <testcase classname="src/lib/appEntry.test.js" name="resolveAuthenticatedLanding &gt; falls back to truth when completed workspace points at non-product root" time="0.0002895">
        </testcase>
        <testcase classname="src/lib/appEntry.test.js" name="resolveAuthenticatedLanding &gt; refuses internal-only routes as authenticated landing targets" time="0.000263">
        </testcase>
        <testcase classname="src/lib/appEntry.test.js" name="resolveAuthenticatedLanding &gt; defines a bounded production route list and a separate internal-only route list" time="0.0012555">
        </testcase>
        <testcase classname="src/lib/appEntry.test.js" name="resolveAuthenticatedLanding &gt; keeps internal routes disabled by default" time="0.0004244">
        </testcase>
    </testsuite>
    <testsuite name="src/env/validation.test.js" timestamp="2026-03-28T16:13:27.772Z" hostname="Emil" tests="2" failures="0" errors="0" skipped="0" time="0.003192">
        <testcase classname="src/env/validation.test.js" name="frontend env validation &gt; requires production endpoints for CI/prod builds" time="0.0023525">
        </testcase>
        <testcase classname="src/env/validation.test.js" name="frontend env validation &gt; treats malformed optional flags as explicit build errors" time="0.0005191">
        </testcase>
    </testsuite>
    <testsuite name="src/pages/Settings/hooks/useSourceIntelligence.test.js" timestamp="2026-03-28T16:13:27.773Z" hostname="Emil" tests="2" failures="0" errors="0" skipped="0" time="0.0021012">
        <testcase classname="src/pages/Settings/hooks/useSourceIntelligence.test.js" name="useSourceIntelligence helpers &gt; describeSourceSyncOutcome uses backend review object for queued review work" time="0.001297">
        </testcase>
        <testcase classname="src/pages/Settings/hooks/useSourceIntelligence.test.js" name="useSourceIntelligence helpers &gt; describeSourceSyncOutcome reports candidate counts from backend review object" time="0.0004269">
        </testcase>
    </testsuite>
    <testsuite name="src/pages/SetupStudio/hooks/setupStudioActionShared.test.js" timestamp="2026-03-28T16:13:27.774Z" hostname="Emil" tests="3" failures="0" errors="0" skipped="0" time="0.003162">
        <testcase classname="src/pages/SetupStudio/hooks/setupStudioActionShared.test.js" name="setup studio action shared &gt; currentReviewConcurrencyMeta uses backend draft version and session id" time="0.0012725">
        </testcase>
        <testcase classname="src/pages/SetupStudio/hooks/setupStudioActionShared.test.js" name="setup studio action shared &gt; parseReviewConcurrencyError recognizes explicit backend mismatch codes" time="0.0009667">
        </testcase>
        <testcase classname="src/pages/SetupStudio/hooks/setupStudioActionShared.test.js" name="setup studio action shared &gt; parseReviewConcurrencyError recognizes baseline drift payloads as stale" time="0.0004717">
        </testcase>
    </testsuite>
    <testsuite name="src/pages/SetupStudio/state/shared.test.js" timestamp="2026-03-28T16:13:27.775Z" hostname="Emil" tests="2" failures="0" errors="0" skipped="0" time="0.0034933">
        <testcase classname="src/pages/SetupStudio/state/shared.test.js" name="setup studio shared state &gt; createEmptyReviewState keeps concurrency containers available" time="0.0007665">
        </testcase>
        <testcase classname="src/pages/SetupStudio/state/shared.test.js" name="setup studio shared state &gt; normalizeReviewState preserves backend concurrency and draft version" time="0.0023696">
        </testcase>
    </testsuite>
</testsuites>
