<?xml version="1.0" encoding="UTF-8" ?>
<testsuites name="vitest tests" tests="11" failures="0" errors="0" time="2.2939928">
    <testsuite name="src/pages/Comments.test.jsx" timestamp="2026-03-28T17:14:44.679Z" hostname="Emil" tests="1" failures="0" errors="0" skipped="0" time="0.1617761">
        <testcase classname="src/pages/Comments.test.jsx" name="Comments &gt; renders shared surface feedback through the page shell" time="0.1592404">
        </testcase>
    </testsuite>
    <testsuite name="src/pages/Executions.smoke.test.jsx" timestamp="2026-03-28T17:14:44.681Z" hostname="Emil" tests="2" failures="0" errors="0" skipped="0" time="0.4274075">
        <testcase classname="src/pages/Executions.smoke.test.jsx" name="Executions durable surface &gt; renders summary, detail, and manual retry flow" time="0.3934053">
        </testcase>
        <testcase classname="src/pages/Executions.smoke.test.jsx" name="Executions durable surface &gt; shows honest loading and error states" time="0.0313599">
        </testcase>
    </testsuite>
    <testsuite name="src/pages/Voice.test.jsx" timestamp="2026-03-28T17:14:44.682Z" hostname="Emil" tests="1" failures="0" errors="0" skipped="0" time="0.0713784">
        <testcase classname="src/pages/Voice.test.jsx" name="Voice &gt; renders shared banner state through the admin shell" time="0.0691942">
        </testcase>
    </testsuite>
    <testsuite name="src/components/admin/AdminPageShell.test.jsx" timestamp="2026-03-28T17:14:44.683Z" hostname="Emil" tests="1" failures="0" errors="0" skipped="0" time="0.1607533">
        <testcase classname="src/components/admin/AdminPageShell.test.jsx" name="AdminPageShell &gt; renders page metadata, shared banners, and header actions" time="0.1585466">
        </testcase>
    </testsuite>
    <testsuite name="src/components/inbox/InboxComposer.test.jsx" timestamp="2026-03-28T17:14:44.684Z" hostname="Emil" tests="1" failures="0" errors="0" skipped="0" time="0.1785167">
        <testcase classname="src/components/inbox/InboxComposer.test.jsx" name="InboxComposer &gt; renders explicit composer surface feedback" time="0.1754468">
        </testcase>
    </testsuite>
    <testsuite name="src/components/inbox/InboxThreadListPanel.test.jsx" timestamp="2026-03-28T17:14:44.684Z" hostname="Emil" tests="1" failures="0" errors="0" skipped="0" time="0.1727843">
        <testcase classname="src/components/inbox/InboxThreadListPanel.test.jsx" name="InboxThreadListPanel &gt; renders explicit thread list surface data" time="0.1704364">
        </testcase>
    </testsuite>
    <testsuite name="src/components/inbox/RetryQueuePanel.test.jsx" timestamp="2026-03-28T17:14:44.685Z" hostname="Emil" tests="1" failures="0" errors="0" skipped="0" time="0.364922">
        <testcase classname="src/components/inbox/RetryQueuePanel.test.jsx" name="RetryQueuePanel &gt; renders shared banner feedback" time="0.3627218">
        </testcase>
    </testsuite>
    <testsuite name="src/components/settings/ChannelsPanel.test.jsx" timestamp="2026-03-28T17:14:44.685Z" hostname="Emil" tests="1" failures="0" errors="0" skipped="0" time="0.0770079">
        <testcase classname="src/components/settings/ChannelsPanel.test.jsx" name="ChannelsPanel &gt; renders shared surface banner feedback for channel async state" time="0.0746242">
        </testcase>
    </testsuite>
    <testsuite name="src/components/settings/SettingsSurfaceBanner.test.jsx" timestamp="2026-03-28T17:14:44.686Z" hostname="Emil" tests="1" failures="0" errors="0" skipped="0" time="0.155414">
        <testcase classname="src/components/settings/SettingsSurfaceBanner.test.jsx" name="SettingsSurfaceBanner &gt; renders save feedback and unavailable refresh affordances consistently" time="0.1529572">
        </testcase>
    </testsuite>
    <testsuite name="src/components/settings/TeamPanel.test.jsx" timestamp="2026-03-28T17:14:44.686Z" hostname="Emil" tests="1" failures="0" errors="0" skipped="0" time="0.5240326">
        <testcase classname="src/components/settings/TeamPanel.test.jsx" name="TeamPanel &gt; renders shared surface banner feedback for team async state" time="0.5218498">
        </testcase>
    </testsuite>
</testsuites>
