<?xml version="1.0" encoding="UTF-8" ?>
<testsuites name="vitest tests" tests="30" failures="0" errors="0" time="2.4458349">
    <testsuite name="src/hooks/useCommentsData.test.jsx" timestamp="2026-03-28T16:13:38.626Z" hostname="Emil" tests="1" failures="0" errors="0" skipped="0" time="0.0730974">
        <testcase classname="src/hooks/useCommentsData.test.jsx" name="useCommentsData &gt; exposes the shared surface contract and save success state" time="0.0730033">
        </testcase>
    </testsuite>
    <testsuite name="src/hooks/useInboxData.test.jsx" timestamp="2026-03-28T16:13:38.627Z" hostname="Emil" tests="1" failures="0" errors="0" skipped="0" time="0.0053728">
        <testcase classname="src/hooks/useInboxData.test.jsx" name="useInboxData &gt; exposes the shared surface contract and reply success state" time="0.0052358">
        </testcase>
    </testsuite>
    <testsuite name="src/pages/hooks/useAdminTeamSurface.test.jsx" timestamp="2026-03-28T16:13:38.628Z" hostname="Emil" tests="2" failures="0" errors="0" skipped="0" time="0.2408161">
        <testcase classname="src/pages/hooks/useAdminTeamSurface.test.jsx" name="useAdminTeamSurface &gt; exposes the shared surface contract on refresh" time="0.0789099">
        </testcase>
        <testcase classname="src/pages/hooks/useAdminTeamSurface.test.jsx" name="useAdminTeamSurface &gt; uses shared save-state vocabulary for admin team user creation" time="0.1617719">
        </testcase>
    </testsuite>
    <testsuite name="src/pages/hooks/useAdminTenantsSurface.test.jsx" timestamp="2026-03-28T16:13:38.629Z" hostname="Emil" tests="2" failures="0" errors="0" skipped="0" time="0.2254824">
        <testcase classname="src/pages/hooks/useAdminTenantsSurface.test.jsx" name="useAdminTenantsSurface &gt; exposes the shared surface contract on refresh" time="0.0872644">
        </testcase>
        <testcase classname="src/pages/hooks/useAdminTenantsSurface.test.jsx" name="useAdminTenantsSurface &gt; uses shared save-state vocabulary for tenant creation" time="0.1372478">
        </testcase>
    </testsuite>
    <testsuite name="src/pages/hooks/useExecutionsSurface.test.jsx" timestamp="2026-03-28T16:13:38.629Z" hostname="Emil" tests="1" failures="0" errors="0" skipped="0" time="0.0622943">
        <testcase classname="src/pages/hooks/useExecutionsSurface.test.jsx" name="useExecutionsSurface &gt; exposes the shared surface contract and retry success state" time="0.062191">
        </testcase>
    </testsuite>
    <testsuite name="src/pages/hooks/useVoiceSurface.test.jsx" timestamp="2026-03-28T16:13:38.630Z" hostname="Emil" tests="1" failures="0" errors="0" skipped="0" time="0.0799457">
        <testcase classname="src/pages/hooks/useVoiceSurface.test.jsx" name="useVoiceSurface &gt; exposes the shared surface contract and join success state" time="0.0798095">
        </testcase>
    </testsuite>
    <testsuite name="src/components/inbox/hooks/useInboxComposerSurface.test.jsx" timestamp="2026-03-28T16:13:38.630Z" hostname="Emil" tests="1" failures="0" errors="0" skipped="0" time="0.0032043">
        <testcase classname="src/components/inbox/hooks/useInboxComposerSurface.test.jsx" name="useInboxComposerSurface &gt; keeps reply draft local and clears it after successful send" time="0.0030183">
        </testcase>
    </testsuite>
    <testsuite name="src/components/inbox/hooks/useInboxThreadListSurface.test.jsx" timestamp="2026-03-28T16:13:38.631Z" hostname="Emil" tests="1" failures="0" errors="0" skipped="0" time="0.0154491">
        <testcase classname="src/components/inbox/hooks/useInboxThreadListSurface.test.jsx" name="useInboxThreadListSurface &gt; derives list stats, filters, and deep-link hydration" time="0.0152788">
        </testcase>
    </testsuite>
    <testsuite name="src/components/inbox/hooks/useRetryQueueSurface.test.jsx" timestamp="2026-03-28T16:13:38.631Z" hostname="Emil" tests="1" failures="0" errors="0" skipped="0" time="0.0833217">
        <testcase classname="src/components/inbox/hooks/useRetryQueueSurface.test.jsx" name="useRetryQueueSurface &gt; exposes shared surface state and retry success feedback" time="0.0831893">
        </testcase>
    </testsuite>
    <testsuite name="src/components/inbox/hooks/useThreadOutboundAttemptsSurface.test.jsx" timestamp="2026-03-28T16:13:38.632Z" hostname="Emil" tests="1" failures="0" errors="0" skipped="0" time="0.0700748">
        <testcase classname="src/components/inbox/hooks/useThreadOutboundAttemptsSurface.test.jsx" name="useThreadOutboundAttemptsSurface &gt; exposes shared surface state and mark-dead success feedback" time="0.0699599">
        </testcase>
    </testsuite>
    <testsuite name="src/components/settings/hooks/useChannelsSurface.test.jsx" timestamp="2026-03-28T16:13:38.632Z" hostname="Emil" tests="2" failures="0" errors="0" skipped="0" time="0.3275767">
        <testcase classname="src/components/settings/hooks/useChannelsSurface.test.jsx" name="useChannelsSurface &gt; exposes the shared surface contract on refresh" time="0.1343888">
        </testcase>
        <testcase classname="src/components/settings/hooks/useChannelsSurface.test.jsx" name="useChannelsSurface &gt; uses shared save-state vocabulary for disconnect and blocked repair actions" time="0.1902444">
        </testcase>
    </testsuite>
    <testsuite name="src/components/settings/hooks/useSecretsSurface.test.jsx" timestamp="2026-03-28T16:13:38.633Z" hostname="Emil" tests="2" failures="0" errors="0" skipped="0" time="0.2146352">
        <testcase classname="src/components/settings/hooks/useSecretsSurface.test.jsx" name="useSecretsSurface &gt; exposes the shared surface contract while loading provider secrets" time="0.0817979">
        </testcase>
        <testcase classname="src/components/settings/hooks/useSecretsSurface.test.jsx" name="useSecretsSurface &gt; uses the shared save-state vocabulary for secret saves" time="0.1326407">
        </testcase>
    </testsuite>
    <testsuite name="src/components/settings/hooks/useSurfaceActionState.test.jsx" timestamp="2026-03-28T16:13:38.634Z" hostname="Emil" tests="1" failures="0" errors="0" skipped="0" time="0.0024954">
        <testcase classname="src/components/settings/hooks/useSurfaceActionState.test.jsx" name="useSurfaceActionState &gt; tracks one pending action and clears it after completion" time="0.0023783">
        </testcase>
    </testsuite>
    <testsuite name="src/components/settings/hooks/useTeamSurface.test.jsx" timestamp="2026-03-28T16:13:38.634Z" hostname="Emil" tests="2" failures="0" errors="0" skipped="0" time="0.2174061">
        <testcase classname="src/components/settings/hooks/useTeamSurface.test.jsx" name="useTeamSurface &gt; exposes the shared surface contract while loading team data" time="0.0729136">
        </testcase>
        <testcase classname="src/components/settings/hooks/useTeamSurface.test.jsx" name="useTeamSurface &gt; uses shared save-state vocabulary for team user creation" time="0.1442746">
        </testcase>
    </testsuite>
    <testsuite name="src/pages/Settings/hooks/useBusinessBrain.test.jsx" timestamp="2026-03-28T16:13:38.635Z" hostname="Emil" tests="2" failures="0" errors="0" skipped="0" time="0.1451873">
        <testcase classname="src/pages/Settings/hooks/useBusinessBrain.test.jsx" name="useBusinessBrain &gt; exposes the unified surface contract on refresh" time="0.0646834">
        </testcase>
        <testcase classname="src/pages/Settings/hooks/useBusinessBrain.test.jsx" name="useBusinessBrain &gt; uses the shared save-state vocabulary for business-brain saves" time="0.0803802">
        </testcase>
    </testsuite>
    <testsuite name="src/pages/Settings/hooks/useOperationalSettings.test.jsx" timestamp="2026-03-28T16:13:38.635Z" hostname="Emil" tests="2" failures="0" errors="0" skipped="0" time="0.1485723">
        <testcase classname="src/pages/Settings/hooks/useOperationalSettings.test.jsx" name="useOperationalSettings &gt; exposes the unified surface contract on successful refresh" time="0.0639662">
        </testcase>
        <testcase classname="src/pages/Settings/hooks/useOperationalSettings.test.jsx" name="useOperationalSettings &gt; uses the shared save-state vocabulary for voice saves" time="0.0844106">
        </testcase>
    </testsuite>
    <testsuite name="src/pages/Settings/hooks/useSettingsSurfaceState.test.jsx" timestamp="2026-03-28T16:13:38.636Z" hostname="Emil" tests="1" failures="0" errors="0" skipped="0" time="0.0044592">
        <testcase classname="src/pages/Settings/hooks/useSettingsSurfaceState.test.jsx" name="useSettingsSurfaceState &gt; exposes a stable ready/unavailable/loading contract" time="0.004331">
        </testcase>
    </testsuite>
    <testsuite name="src/pages/Settings/hooks/useSettingsWorkspace.test.jsx" timestamp="2026-03-28T16:13:38.636Z" hostname="Emil" tests="2" failures="0" errors="0" skipped="0" time="0.2220925">
        <testcase classname="src/pages/Settings/hooks/useSettingsWorkspace.test.jsx" name="useSettingsWorkspace &gt; exposes the unified surface contract on refresh" time="0.0805877">
        </testcase>
        <testcase classname="src/pages/Settings/hooks/useSettingsWorkspace.test.jsx" name="useSettingsWorkspace &gt; uses the shared save-state vocabulary for workspace saves and agent saves" time="0.1413">
        </testcase>
    </testsuite>
    <testsuite name="src/pages/Settings/hooks/useSourceIntelligence.contract.test.jsx" timestamp="2026-03-28T16:13:38.637Z" hostname="Emil" tests="2" failures="0" errors="0" skipped="0" time="0.1537955">
        <testcase classname="src/pages/Settings/hooks/useSourceIntelligence.contract.test.jsx" name="useSourceIntelligence &gt; exposes the unified surface contract on refresh" time="0.0755904">
        </testcase>
        <testcase classname="src/pages/Settings/hooks/useSourceIntelligence.contract.test.jsx" name="useSourceIntelligence &gt; uses the shared save-state vocabulary for source saves" time="0.0781125">
        </testcase>
    </testsuite>
    <testsuite name="src/pages/Settings/hooks/useTrustSurface.test.jsx" timestamp="2026-03-28T16:13:38.637Z" hostname="Emil" tests="2" failures="0" errors="0" skipped="0" time="0.1505561">
        <testcase classname="src/pages/Settings/hooks/useTrustSurface.test.jsx" name="useTrustSurface &gt; loads normalized trust view and exposes ready state" time="0.0713732">
        </testcase>
        <testcase classname="src/pages/Settings/hooks/useTrustSurface.test.jsx" name="useTrustSurface &gt; fails closed with unavailable state when trust loading errors" time="0.0790824">
        </testcase>
    </testsuite>
</testsuites>
