<?xml version="1.0" encoding="UTF-8" ?>
<testsuites name="vitest tests" tests="19" failures="0" errors="0" time="3.2344216">
    <testsuite name="src/pages/AdminTeam.test.jsx" timestamp="2026-03-28T17:41:30.573Z" hostname="Emil" tests="1" failures="0" errors="0" skipped="0" time="0.0795245">
        <testcase classname="src/pages/AdminTeam.test.jsx" name="AdminTeam &gt; renders shared surface banner feedback" time="0.0770053">
        </testcase>
    </testsuite>
    <testsuite name="src/pages/AdminTenants.test.jsx" timestamp="2026-03-28T17:41:30.575Z" hostname="Emil" tests="1" failures="0" errors="0" skipped="0" time="0.058775">
        <testcase classname="src/pages/AdminTenants.test.jsx" name="AdminTenants &gt; renders shared surface banner feedback" time="0.0566305">
        </testcase>
    </testsuite>
    <testsuite name="src/pages/Comments.test.jsx" timestamp="2026-03-28T17:41:30.576Z" hostname="Emil" tests="1" failures="0" errors="0" skipped="0" time="0.1745744">
        <testcase classname="src/pages/Comments.test.jsx" name="Comments &gt; renders shared surface feedback through the page shell" time="0.171596">
        </testcase>
    </testsuite>
    <testsuite name="src/pages/Executions.smoke.test.jsx" timestamp="2026-03-28T17:41:30.577Z" hostname="Emil" tests="2" failures="0" errors="0" skipped="0" time="0.3306561">
        <testcase classname="src/pages/Executions.smoke.test.jsx" name="Executions durable surface &gt; renders summary, detail, and manual retry flow" time="0.2998468">
        </testcase>
        <testcase classname="src/pages/Executions.smoke.test.jsx" name="Executions durable surface &gt; shows honest loading and error states" time="0.0282805">
        </testcase>
    </testsuite>
    <testsuite name="src/pages/Inbox.test.jsx" timestamp="2026-03-28T17:41:30.578Z" hostname="Emil" tests="1" failures="0" errors="0" skipped="0" time="0.2840742">
        <testcase classname="src/pages/Inbox.test.jsx" name="Inbox &gt; renders shared page shell feedback" time="0.2818601">
        </testcase>
    </testsuite>
    <testsuite name="src/pages/Voice.test.jsx" timestamp="2026-03-28T17:41:30.579Z" hostname="Emil" tests="1" failures="0" errors="0" skipped="0" time="0.07863">
        <testcase classname="src/pages/Voice.test.jsx" name="Voice &gt; renders shared banner state through the admin shell" time="0.0761945">
        </testcase>
    </testsuite>
    <testsuite name="src/components/admin/AdminPageShell.test.jsx" timestamp="2026-03-28T17:41:30.580Z" hostname="Emil" tests="1" failures="0" errors="0" skipped="0" time="0.1954835">
        <testcase classname="src/components/admin/AdminPageShell.test.jsx" name="AdminPageShell &gt; renders page metadata, shared banners, and header actions" time="0.192617">
        </testcase>
    </testsuite>
    <testsuite name="src/components/inbox/InboxComposer.test.jsx" timestamp="2026-03-28T17:41:30.581Z" hostname="Emil" tests="1" failures="0" errors="0" skipped="0" time="0.1383603">
        <testcase classname="src/components/inbox/InboxComposer.test.jsx" name="InboxComposer &gt; renders explicit composer surface feedback" time="0.1362423">
        </testcase>
    </testsuite>
    <testsuite name="src/components/inbox/InboxDetailPanel.test.jsx" timestamp="2026-03-28T17:41:30.581Z" hostname="Emil" tests="1" failures="0" errors="0" skipped="0" time="0.0597823">
        <testcase classname="src/components/inbox/InboxDetailPanel.test.jsx" name="InboxDetailPanel &gt; renders explicit detail surface feedback" time="0.0575489">
        </testcase>
    </testsuite>
    <testsuite name="src/components/inbox/InboxLeadPanel.test.jsx" timestamp="2026-03-28T17:41:30.582Z" hostname="Emil" tests="1" failures="0" errors="0" skipped="0" time="0.047809">
        <testcase classname="src/components/inbox/InboxLeadPanel.test.jsx" name="InboxLeadPanel &gt; renders explicit lead surface feedback" time="0.0456663">
        </testcase>
    </testsuite>
    <testsuite name="src/components/inbox/InboxThreadListPanel.test.jsx" timestamp="2026-03-28T17:41:30.583Z" hostname="Emil" tests="1" failures="0" errors="0" skipped="0" time="0.1703151">
        <testcase classname="src/components/inbox/InboxThreadListPanel.test.jsx" name="InboxThreadListPanel &gt; renders explicit thread list surface data" time="0.1674024">
        </testcase>
    </testsuite>
    <testsuite name="src/components/inbox/RetryQueuePanel.test.jsx" timestamp="2026-03-28T17:41:30.583Z" hostname="Emil" tests="1" failures="0" errors="0" skipped="0" time="0.2938452">
        <testcase classname="src/components/inbox/RetryQueuePanel.test.jsx" name="RetryQueuePanel &gt; renders shared banner feedback" time="0.291836">
        </testcase>
    </testsuite>
    <testsuite name="src/components/inbox/ThreadOutboundAttemptsPanel.test.jsx" timestamp="2026-03-28T17:41:30.583Z" hostname="Emil" tests="1" failures="0" errors="0" skipped="0" time="0.3186608">
        <testcase classname="src/components/inbox/ThreadOutboundAttemptsPanel.test.jsx" name="ThreadOutboundAttemptsPanel &gt; renders shared banner feedback" time="0.3165614">
        </testcase>
    </testsuite>
    <testsuite name="src/components/settings/ChannelsPanel.test.jsx" timestamp="2026-03-28T17:41:30.584Z" hostname="Emil" tests="1" failures="0" errors="0" skipped="0" time="0.1203782">
        <testcase classname="src/components/settings/ChannelsPanel.test.jsx" name="ChannelsPanel &gt; renders shared surface banner feedback for channel async state" time="0.1179784">
        </testcase>
    </testsuite>
    <testsuite name="src/components/settings/SecretsPanel.test.jsx" timestamp="2026-03-28T17:41:30.584Z" hostname="Emil" tests="2" failures="0" errors="0" skipped="0" time="0.212721">
        <testcase classname="src/components/settings/SecretsPanel.test.jsx" name="SecretsPanel &gt; renders shared surface banner feedback for admin secret async state" time="0.0611955">
        </testcase>
        <testcase classname="src/components/settings/SecretsPanel.test.jsx" name="SecretsPanel &gt; renders provider secret access as read-only for insufficient roles" time="0.1492365">
        </testcase>
    </testsuite>
    <testsuite name="src/components/settings/SettingsSurfaceBanner.test.jsx" timestamp="2026-03-28T17:41:30.585Z" hostname="Emil" tests="1" failures="0" errors="0" skipped="0" time="0.1725937">
        <testcase classname="src/components/settings/SettingsSurfaceBanner.test.jsx" name="SettingsSurfaceBanner &gt; renders save feedback and unavailable refresh affordances consistently" time="0.1700112">
        </testcase>
    </testsuite>
    <testsuite name="src/components/settings/TeamPanel.test.jsx" timestamp="2026-03-28T17:41:30.585Z" hostname="Emil" tests="1" failures="0" errors="0" skipped="0" time="0.4982383">
        <testcase classname="src/components/settings/TeamPanel.test.jsx" name="TeamPanel &gt; renders shared surface banner feedback for team async state" time="0.4960582">
        </testcase>
    </testsuite>
</testsuites>
